Arguments: 
  /usr/local/bin/node /usr/local/bin/yarn -D add taiwindcss

PATH: 
  /Users/yudonglu/anaconda3/bin:/Users/yudonglu/anaconda3/condabin:/opt/local/bin:/opt/local/sbin:/Users/yudonglu/Documents/apache-maven-3.5.4/bin:/Users/yudonglu/Documents/anaconda/bin:/Users/yudonglu/anaconda3/bin:/Users/yudonglu/anaconda/bin:/Library/Frameworks/Python.framework/Versions/2.7/bin:/Library/Frameworks/Python.framework/Versions/3.6/bin:/usr/local/bin:/usr/bin:/bin:/usr/sbin:/sbin:/Library/TeX/texbin:/usr/local/share/dotnet:~/.dotnet/tools:/Library/Frameworks/Mono.framework/Versions/Current/Commands

Yarn version: 
  1.22.19

Node version: 
  18.12.0

Platform: 
  darwin x64

Trace: 
  Error: https://registry.yarnpkg.com/taiwindcss: Not found
      at params.callback [as _callback] (/usr/local/lib/node_modules/yarn/lib/cli.js:66145:18)
      at self.callback (/usr/local/lib/node_modules/yarn/lib/cli.js:140890:22)
      at Request.emit (node:events:513:28)
      at Request.<anonymous> (/usr/local/lib/node_modules/yarn/lib/cli.js:141862:10)
      at Request.emit (node:events:513:28)
      at IncomingMessage.<anonymous> (/usr/local/lib/node_modules/yarn/lib/cli.js:141784:12)
      at Object.onceWrapper (node:events:627:28)
      at IncomingMessage.emit (node:events:525:35)
      at endReadableNT (node:internal/streams/readable:1359:12)
      at process.processTicksAndRejections (node:internal/process/task_queues:82:21)

npm manifest: 
  {
    "name": "my-portfolio",
    "version": "0.1.0",
    "private": true,
    "scripts": {
      "dev": "next dev",
      "build": "next build",
      "start": "next start",
      "lint": "next lint"
    },
    "dependencies": {
      "@types/node": "18.11.9",
      "@types/react": "18.0.25",
      "@types/react-dom": "18.0.8",
      "eslint": "8.27.0",
      "eslint-config-next": "13.0.3",
      "next": "13.0.3",
      "react": "18.2.0",
      "react-dom": "18.2.0",
      "typescript": "4.8.4"
    }
  }

yarn manifest: 
  No manifest

Lockfile: 
  No lockfile
